<?xml version="1.0" encoding="UTF-8"?>
<testsuite xmlns:xsi="http://www.w3.org/2001/XMLSchema-instance" xsi:noNamespaceSchemaLocation="https://maven.apache.org/surefire/maven-surefire-plugin/xsd/surefire-test-report-3.0.xsd" version="3.0" name="com.everis.calculadorasimples.CalculadoraTest" time="0.521" tests="9" errors="0" skipped="0" failures="1">
  <properties>
    <property name="java.specification.version" value="17"/>
    <property name="sun.cpu.isalist" value="amd64"/>
    <property name="sun.jnu.encoding" value="Cp1252"/>
    <property name="java.class.path" value="C:\Users\VP\Documents\NetBeansProjects\introJUnit\target\test-classes;C:\Users\VP\Documents\NetBeansProjects\introJUnit\target\classes;C:\Users\VP\.m2\repository\org\junit\jupiter\junit-jupiter-engine\5.7.1\junit-jupiter-engine-5.7.1.jar;C:\Users\VP\.m2\repository\org\apiguardian\apiguardian-api\1.1.0\apiguardian-api-1.1.0.jar;C:\Users\VP\.m2\repository\org\junit\platform\junit-platform-engine\1.7.1\junit-platform-engine-1.7.1.jar;C:\Users\VP\.m2\repository\org\opentest4j\opentest4j\1.2.0\opentest4j-1.2.0.jar;C:\Users\VP\.m2\repository\org\junit\platform\junit-platform-commons\1.7.1\junit-platform-commons-1.7.1.jar;C:\Users\VP\.m2\repository\org\junit\jupiter\junit-jupiter-api\5.7.1\junit-jupiter-api-5.7.1.jar;C:\Users\VP\.m2\repository\org\junit\jupiter\junit-jupiter-params\5.7.1\junit-jupiter-params-5.7.1.jar;"/>
    <property name="java.vm.vendor" value="Oracle Corporation"/>
    <property name="sun.arch.data.model" value="64"/>
    <property name="user.variant" value=""/>
    <property name="java.vendor.url" value="https://java.oracle.com/"/>
    <property name="user.timezone" value="GMT-03:00"/>
    <property name="os.name" value="Windows 7"/>
    <property name="java.vm.specification.version" value="17"/>
    <property name="user.country" value="BR"/>
    <property name="sun.java.launcher" value="SUN_STANDARD"/>
    <property name="sun.boot.library.path" value="C:\Program Files\Java\jdk-17.0.1\bin"/>
    <property name="sun.java.command" value="C:\Users\VP\AppData\Local\Temp\surefire8262389829013850812\surefirebooter13563462594586294974.jar C:\Users\VP\AppData\Local\Temp\surefire8262389829013850812 2021-11-01T18-15-13_288-jvmRun1 surefire16845084108177717340tmp surefire_013953081983019185297tmp"/>
    <property name="jdk.debug" value="release"/>
    <property name="surefire.test.class.path" value="C:\Users\VP\Documents\NetBeansProjects\introJUnit\target\test-classes;C:\Users\VP\Documents\NetBeansProjects\introJUnit\target\classes;C:\Users\VP\.m2\repository\org\junit\jupiter\junit-jupiter-engine\5.7.1\junit-jupiter-engine-5.7.1.jar;C:\Users\VP\.m2\repository\org\apiguardian\apiguardian-api\1.1.0\apiguardian-api-1.1.0.jar;C:\Users\VP\.m2\repository\org\junit\platform\junit-platform-engine\1.7.1\junit-platform-engine-1.7.1.jar;C:\Users\VP\.m2\repository\org\opentest4j\opentest4j\1.2.0\opentest4j-1.2.0.jar;C:\Users\VP\.m2\repository\org\junit\platform\junit-platform-commons\1.7.1\junit-platform-commons-1.7.1.jar;C:\Users\VP\.m2\repository\org\junit\jupiter\junit-jupiter-api\5.7.1\junit-jupiter-api-5.7.1.jar;C:\Users\VP\.m2\repository\org\junit\jupiter\junit-jupiter-params\5.7.1\junit-jupiter-params-5.7.1.jar;"/>
    <property name="sun.cpu.endian" value="little"/>
    <property name="user.home" value="C:\Users\VP"/>
    <property name="user.language" value="pt"/>
    <property name="java.specification.vendor" value="Oracle Corporation"/>
    <property name="java.version.date" value="2021-10-19"/>
    <property name="java.home" value="C:\Program Files\Java\jdk-17.0.1"/>
    <property name="file.separator" value="\"/>
    <property name="basedir" value="C:\Users\VP\Documents\NetBeansProjects\introJUnit"/>
    <property name="java.vm.compressedOopsMode" value="32-bit"/>
    <property name="line.separator" value="&#10;"/>
    <property name="java.vm.specification.vendor" value="Oracle Corporation"/>
    <property name="java.specification.name" value="Java Platform API Specification"/>
    <property name="current.jrebel.agent.path" value="C:\Users\VP\AppData\Roaming\NetBeans\12.5\griffin\jrebel.jar"/>
    <property name="surefire.real.class.path" value="C:\Users\VP\AppData\Local\Temp\surefire8262389829013850812\surefirebooter13563462594586294974.jar"/>
    <property name="user.script" value=""/>
    <property name="sun.management.compiler" value="HotSpot 64-Bit Tiered Compilers"/>
    <property name="java.runtime.version" value="17.0.1+12-LTS-39"/>
    <property name="user.name" value="VP"/>
    <property name="path.separator" value=";"/>
    <property name="os.version" value="6.1"/>
    <property name="java.runtime.name" value="Java(TM) SE Runtime Environment"/>
    <property name="file.encoding" value="UTF-8"/>
    <property name="java.vm.name" value="Java HotSpot(TM) 64-Bit Server VM"/>
    <property name="maven.ext.class.path" value="C:\Program Files\NetBeans-12.5\netbeans\java\maven-nblib\netbeans-eventspy.jar"/>
    <property name="localRepository" value="C:\Users\VP\.m2\repository"/>
    <property name="java.vendor.url.bug" value="https://bugreport.java.com/bugreport/"/>
    <property name="java.io.tmpdir" value="C:\Users\VP\AppData\Local\Temp\"/>
    <property name="java.version" value="17.0.1"/>
    <property name="user.dir" value="C:\Users\VP\Documents\NetBeansProjects\introJUnit"/>
    <property name="os.arch" value="amd64"/>
    <property name="java.vm.specification.name" value="Java Virtual Machine Specification"/>
    <property name="sun.os.patch.level" value="Service Pack 1"/>
    <property name="native.encoding" value="Cp1252"/>
    <property name="java.library.path" value="C:\Program Files\Java\jdk-17.0.1\bin;C:\Windows\Sun\Java\bin;C:\Windows\system32;C:\Windows;C:\Program Files\Common Files\Oracle\Java\javapath;C:\Program Files (x86)\Common Files\Oracle\Java\javapath;C:\Program Files\dotnet\;C:\Program Files\Git\cmd;C:\Users\VP\Documents\apache-maven-3.8.3\bin;C:\Users\VP\Documents\gradle-6.9.1\bin;C:\Program Files\MySQL\MySQL Shell 8.0\bin\;C:\Users\VP\AppData\Local\Programs\Python\Python38\Scripts\;C:\Users\VP\AppData\Local\Programs\Python\Python38\;C:\Users\VP\AppData\Local\Programs\Microsoft VS Code\bin;C:\Users\VP\AppData\Local\GitHubDesktop\bin;C:\Users\VP\.dotnet\tools;C:\Program Files\JetBrains\PyCharm Community Edition 2021.2.2\bin;;C:\Users\VP\Documents\apache-maven-3.8.3;C:\Users\VP\Documents\gradle-6.9.1\bin;."/>
    <property name="java.vm.info" value="mixed mode, sharing"/>
    <property name="java.vendor" value="Oracle Corporation"/>
    <property name="java.vm.version" value="17.0.1+12-LTS-39"/>
    <property name="sun.io.unicode.encoding" value="UnicodeLittle"/>
    <property name="java.class.version" value="61.0"/>
  </properties>
  <testcase name="testaSomaMenosIngenuo" classname="com.everis.calculadorasimples.CalculadoraTest" time="0.032"/>
  <testcase name="deveResultarQuatroAoSomarDoisEDois" classname="com.everis.calculadorasimples.CalculadoraTest" time="0.009"/>
  <testcase name="deveResultarZeroAoSomarDoisEMenosDois" classname="com.everis.calculadorasimples.CalculadoraTest" time="0.001"/>
  <testcase name="validaMultiplasSomasArqCSV(double, double, double)[1]" classname="com.everis.calculadorasimples.CalculadoraTest" time="0.074"/>
  <testcase name="validaMultiplasSomasArqCSV(double, double, double)[2]" classname="com.everis.calculadorasimples.CalculadoraTest" time="0.002"/>
  <testcase name="validaMultiplasSomasArqCSV(double, double, double)[3]" classname="com.everis.calculadorasimples.CalculadoraTest" time="0.003"/>
  <testcase name="divisaoPorZeroGeraExcecao" classname="com.everis.calculadorasimples.CalculadoraTest" time="0.003"/>
  <testcase name="validaMultiplasSomasCSV(double, double, double)[1]" classname="com.everis.calculadorasimples.CalculadoraTest" time="0.001"/>
  <testcase name="validaMultiplasSomasCSV(double, double, double)[2]" classname="com.everis.calculadorasimples.CalculadoraTest" time="0.006">
    <failure type="org.opentest4j.AssertionFailedError"><![CDATA[org.opentest4j.AssertionFailedError: expected: <6.0> but was: <5.0>
	at com.everis.calculadorasimples.CalculadoraTest.validaMultiplasSomasCSV(CalculadoraTest.java:66)
]]></failure>
  </testcase>
</testsuite>